<?xml version="1.0" encoding="UTF-8"?>
<!-- Generated by org.testng.reporters.JUnitReportReporter -->
<testsuite hostname="DESKTOP-79N3A6J" failures="0" tests="10" name="com.TestRunner.TestRunner" time="191.701" errors="2" timestamp="2026-09-15T16:54:47 IST" skipped="0">
  <testcase classname="com.TestRunner.TestRunner" name="runScenario" time="9.278"/>
  <testcase classname="com.TestRunner.TestRunner" name="runScenario" time="56.648"/>
  <testcase classname="com.TestRunner.TestRunner" name="runScenario" time="9.545"/>
  <testcase classname="com.TestRunner.TestRunner" name="runScenario" time="10.095"/>
  <testcase classname="com.TestRunner.TestRunner" name="runScenario" time="13.344"/>
  <testcase classname="com.TestRunner.TestRunner" name="runScenario" time="9.202"/>
  <testcase classname="com.TestRunner.TestRunner" name="runScenario" time="9.630"/>
  <testcase classname="com.TestRunner.TestRunner" name="runScenario" time="12.814"/>
  <testcase classname="com.TestRunner.TestRunner" name="runScenario" time="28.374">
    <error message="Expected condition failed: waiting for visibility of element found by By.xpath: //span[text()=&#039;Home &amp; Furniture&#039;], but... org.openqa.selenium.NoSuchElementException: no such element: Unable to locate element: {&quot;method&quot;:&quot;xpath&quot;,&quot;selector&quot;:&quot;//span[text()=&#039;Home &amp; Furniture&#039;]&quot;}.
(tried for 20 seconds with 500 milliseconds interval)
Build info: version: &#039;4.44.0&#039;, revision: &#039;da2039b&#039;
System info: os.name: &#039;Windows 11&#039;, os.arch: &#039;amd64&#039;, os.version: &#039;10.0&#039;, java.version: &#039;17.0.18&#039;
Driver info: org.openqa.selenium.chrome.ChromeDriver
Capabilities {acceptInsecureCerts: false, browserName: chrome, browserVersion: 152.0.7977.83, chrome: {chromedriverVersion: 152.0.7977.82 (d04cdb24d67b..., userDataDir: C:\Users\Admin\AppData\Loca...}, fedcm:accounts: true, goog:chromeOptions: {debuggerAddress: localhost:49929}, goog:processID: 17516, networkConnectionEnabled: false, pageLoadStrategy: normal, platformName: windows, proxy: Proxy(), se:cdp: ws://localhost:49929/devtoo..., se:cdpVersion: 152.0.7977.83, setWindowRect: true, strictFileInteractability: false, timeouts: {implicit: 0, pageLoad: 300000, script: 30000}, unhandledPromptBehavior: dismiss and notify, webauthn:extension:credBlob: true, webauthn:extension:largeBlob: true, webauthn:extension:minPinLength: true, webauthn:extension:prf: true, webauthn:virtualAuthenticators: true}
Session ID: 5551b5f215b78cf774e9d84aca658e16" type="org.openqa.selenium.TimeoutException">
      <![CDATA[org.openqa.selenium.TimeoutException: Expected condition failed: waiting for visibility of element found by By.xpath: //span[text()='Home & Furniture'], but... org.openqa.selenium.NoSuchElementException: no such element: Unable to locate element: {"method":"xpath","selector":"//span[text()='Home & Furniture']"}.
(tried for 20 seconds with 500 milliseconds interval)
Build info: version: '4.44.0', revision: 'da2039b'
System info: os.name: 'Windows 11', os.arch: 'amd64', os.version: '10.0', java.version: '17.0.18'
Driver info: org.openqa.selenium.chrome.ChromeDriver
Capabilities {acceptInsecureCerts: false, browserName: chrome, browserVersion: 152.0.7977.83, chrome: {chromedriverVersion: 152.0.7977.82 (d04cdb24d67b..., userDataDir: C:\Users\Admin\AppData\Loca...}, fedcm:accounts: true, goog:chromeOptions: {debuggerAddress: localhost:49929}, goog:processID: 17516, networkConnectionEnabled: false, pageLoadStrategy: normal, platformName: windows, proxy: Proxy(), se:cdp: ws://localhost:49929/devtoo..., se:cdpVersion: 152.0.7977.83, setWindowRect: true, strictFileInteractability: false, timeouts: {implicit: 0, pageLoad: 300000, script: 30000}, unhandledPromptBehavior: dismiss and notify, webauthn:extension:credBlob: true, webauthn:extension:largeBlob: true, webauthn:extension:minPinLength: true, webauthn:extension:prf: true, webauthn:virtualAuthenticators: true}
Session ID: 5551b5f215b78cf774e9d84aca658e16
at org.openqa.selenium.support.ui.WebDriverWait.timeoutException(WebDriverWait.java:85)
at org.openqa.selenium.support.ui.FluentWait.until(FluentWait.java:234)
at com.resuableFunctions.ReusableFunctions.waitForVisibility(ReusableFunctions.java:100)
at com.resuableFunctions.ReusableFunctions.moveToElement(ReusableFunctions.java:208)
at com.Pages.UptoAddCartPage.moveHOmeFurnitureLink(UptoAddCartPage.java:48)
at com.stepDefinitions.UptoAddCartStepsDefintions.mouse_move_to_home_andfurniture_link(UptoAddCartStepsDefintions.java:27)
at ✽.mouse move to homeAndfurniture link(file:///C:/Shopping-Site_Flipkart/FlipKart_Project/src/test/resources/features/Search.feature:59)
]]>
    </error>
  </testcase> <!-- runScenario -->
  <testcase classname="com.TestRunner.TestRunner" name="runScenario" time="32.771">
    <error message="Expected condition failed: waiting for element found by By.xpath: //div[@title=&#039;Fast Charging&#039;]//label//input[@type=&#039;checkbox&#039;] to be clickable, but the element was not visible.
(tried for 20 seconds with 500 milliseconds interval)
Build info: version: &#039;4.44.0&#039;, revision: &#039;da2039b&#039;
System info: os.name: &#039;Windows 11&#039;, os.arch: &#039;amd64&#039;, os.version: &#039;10.0&#039;, java.version: &#039;17.0.18&#039;
Driver info: org.openqa.selenium.chrome.ChromeDriver
Capabilities {acceptInsecureCerts: false, browserName: chrome, browserVersion: 152.0.7977.83, chrome: {chromedriverVersion: 152.0.7977.82 (d04cdb24d67b..., userDataDir: C:\Users\Admin\AppData\Loca...}, fedcm:accounts: true, goog:chromeOptions: {debuggerAddress: localhost:53960}, goog:processID: 11260, networkConnectionEnabled: false, pageLoadStrategy: normal, platformName: windows, proxy: Proxy(), se:cdp: ws://localhost:53960/devtoo..., se:cdpVersion: 152.0.7977.83, setWindowRect: true, strictFileInteractability: false, timeouts: {implicit: 0, pageLoad: 300000, script: 30000}, unhandledPromptBehavior: dismiss and notify, webauthn:extension:credBlob: true, webauthn:extension:largeBlob: true, webauthn:extension:minPinLength: true, webauthn:extension:prf: true, webauthn:virtualAuthenticators: true}
Session ID: dcba7b6eb21983accfce1885c874d4ef" type="org.openqa.selenium.TimeoutException">
      <![CDATA[org.openqa.selenium.TimeoutException: Expected condition failed: waiting for element found by By.xpath: //div[@title='Fast Charging']//label//input[@type='checkbox'] to be clickable, but the element was not visible.
(tried for 20 seconds with 500 milliseconds interval)
Build info: version: '4.44.0', revision: 'da2039b'
System info: os.name: 'Windows 11', os.arch: 'amd64', os.version: '10.0', java.version: '17.0.18'
Driver info: org.openqa.selenium.chrome.ChromeDriver
Capabilities {acceptInsecureCerts: false, browserName: chrome, browserVersion: 152.0.7977.83, chrome: {chromedriverVersion: 152.0.7977.82 (d04cdb24d67b..., userDataDir: C:\Users\Admin\AppData\Loca...}, fedcm:accounts: true, goog:chromeOptions: {debuggerAddress: localhost:53960}, goog:processID: 11260, networkConnectionEnabled: false, pageLoadStrategy: normal, platformName: windows, proxy: Proxy(), se:cdp: ws://localhost:53960/devtoo..., se:cdpVersion: 152.0.7977.83, setWindowRect: true, strictFileInteractability: false, timeouts: {implicit: 0, pageLoad: 300000, script: 30000}, unhandledPromptBehavior: dismiss and notify, webauthn:extension:credBlob: true, webauthn:extension:largeBlob: true, webauthn:extension:minPinLength: true, webauthn:extension:prf: true, webauthn:virtualAuthenticators: true}
Session ID: dcba7b6eb21983accfce1885c874d4ef
at org.openqa.selenium.support.ui.WebDriverWait.timeoutException(WebDriverWait.java:85)
at org.openqa.selenium.support.ui.FluentWait.until(FluentWait.java:234)
at com.resuableFunctions.ReusableFunctions.click(ReusableFunctions.java:48)
at com.Pages.FilterPage.clickFeature(FilterPage.java:166)
at com.stepDefinitions.FilterStepsDefinitions.select_the_features(FilterStepsDefinitions.java:63)
at ✽.select the features(file:///C:/Shopping-Site_Flipkart/FlipKart_Project/src/test/resources/features/Search.feature:30)
]]>
    </error>
  </testcase> <!-- runScenario -->
</testsuite> <!-- com.TestRunner.TestRunner -->
